build/app/outputs/mapping/release/seeds.txt
com.assafbz.familyEconomics.MainActivity
com.assafbz.familyEconomics.MainActivity: MainActivity()
...
androidx.appcompat.R$id: int tag_transition_group
com.google.firestore.v1.TargetChange: com.google.protobuf.Internal$IntList targetIds_
com.google.firestore.v1.DocumentTransform$FieldTransform: java.lang.Object transformType_
androidx.vectordrawable.graphics.drawable.VectorDrawableCompat$VGroup
com.google.firebase.iid.FirebaseInstanceId: com.google.firebase.iid.FirebaseInstanceId getInstance(com.google.firebase.FirebaseApp)
com.facebook.common.R$style: int TextAppearance_AppCompat_Widget_ActionBar_Title
com.google.firebase.firestore.core.LimboDocumentChange$Type: com.google.firebase.firestore.core.LimboDocumentChange$Type[] values()
androidx.appcompat.R$style: int Platform_AppCompat_Light
androidx.appcompat.R$attr: int windowFixedHeightMinor
com.google.firestore.v1.Write: int CURRENT_DOCUMENT_FIELD_NUMBER
com.google.firestore.v1.TargetChange
com.facebook.common.R$layout: int notification_template_big_media_narrow
com.facebook.common.R$style: int Widget_AppCompat_Button_Borderless_Colored
com.google.android.gms.base.R$drawable: int common_google_signin_btn_text_dark_normal_background
androidx.appcompat.R$style: int TextAppearance_AppCompat_Light_Widget_PopupMenu_Small
io.flutter.embedding.android.FlutterSplashView$SavedState: android.os.Bundle splashScreenState
io.grpc.okhttp.internal.TlsVersion: io.grpc.okhttp.internal.TlsVersion[] values()
com.facebook.common.R$style: int Base_AlertDialog_AppCompat
androidx.core.R$styleable: int GradientColor_android_startX
com.google.android.gms.internal.measurement.zzbs$zzk: java.lang.String zzf
com.google.firestore.v1.ExistenceFilter: int TARGET_ID_FIELD_NUMBER
com.facebook.common.R$string: int com_facebook_share_button_text
androidx.core.R$styleable: int FontFamilyFont_android_font
com.google.firestore.v1.DocumentChange: int targetIdsMemoizedSerializedSize
io.flutter.embedding.engine.systemchannels.PlatformChannel$HapticFeedbackType: io.flutter.embedding.engine.systemchannels.PlatformChannel$HapticFeedbackType valueOf(java.lang.String)
com.google.firestore.v1.WriteResponse: int STREAM_ID_FIELD_NUMBER
androidx.appcompat.R$style: int Theme_AppCompat_CompactMenu
androidx.appcompat.R$attr: int colorButtonNormal
androidx.appcompat.R$id: int scrollIndicatorUp
androidx.appcompat.R$attr: int textAppearanceLargePopupMenu
androidx.browser.R$dimen: int notification_small_icon_background_padding
com.facebook.common.R$layout: int abc_list_menu_item_checkbox
androidx.appcompat.R$style: int Base_TextAppearance_AppCompat_Widget_PopupMenu_Header
com.google.android.gms.internal.measurement.zzbs$zzb: int zzc
com.google.android.gms.internal.measurement.zzbs$zzj: int zzc
androidx.appcompat.R$dimen: int abc_dialog_padding_top_material
com.facebook.common.R$style: int RtlOverlay_Widget_AppCompat_Search_DropDown
androidx.appcompat.R$layout: int abc_alert_dialog_title_material
androidx.appcompat.R$style: int Base_TextAppearance_AppCompat_Body2
androidx.core.R$styleable: int GradientColor_android_startColor
com.google.android.gms.internal.measurement.zzbs$zze: java.lang.String zze
com.google.firestore.v1.ListenRequest: java.lang.Object targetChange_
com.google.firestore.v1.Write: int TRANSFORM_FIELD_NUMBER
com.google.firestore.v1.ExistenceFilter: com.google.protobuf.Parser PARSER
io.flutter.plugin.platform.SingleViewPresentation: io.flutter.plugin.platform.PlatformViewFactory viewFactory
androidx.appcompat.R$drawable: int notification_tile_bg
com.facebook.common.R$string: int com_facebook_like_button_not_liked
androidx.appcompat.R$id: int action_bar
com.google.android.gms.internal.measurement.zzbs$zza: int zzd
androidx.appcompat.R$styleable: int AppCompatTheme_actionModeBackground
com.google.firestore.v1.DocumentRemove: com.google.firestore.v1.DocumentRemove DEFAULT_INSTANCE
androidx.appcompat.R$dimen: int notification_media_narrow_margin
androidx.lifecycle.Lifecycle$State: androidx.lifecycle.Lifecycle$State valueOf(java.lang.String)