build/app/outputs/mapping/release/mapping.txt
# compiler: R8
# compiler_version: 2.0.74
# min_api: 21
# pg_map_id: cb58af0
# common_typos_disable
...
com.google.android.gms.measurement.internal.zzds -> com.google.android.gms.measurement.internal.w2:
    com.google.android.gms.measurement.internal.zzes zza -> a
    java.lang.Object zza() -> a
com.google.android.gms.measurement.internal.zzdt -> com.google.android.gms.measurement.internal.x2:
    com.google.android.gms.measurement.internal.zzes zza -> a
    java.lang.Object zza() -> a
com.google.android.gms.measurement.internal.zzdu -> com.google.android.gms.measurement.internal.y2:
    com.google.android.gms.measurement.internal.zzes zza -> a
    java.lang.Object zza() -> a
com.google.android.gms.measurement.internal.zzdv -> com.google.android.gms.measurement.internal.z2:
    com.google.android.gms.measurement.internal.zzes zza -> a
    java.lang.Object zza() -> a
com.google.android.gms.measurement.internal.zzdw -> com.google.android.gms.measurement.internal.a3:
    com.google.android.gms.measurement.internal.zzes zza -> a
    java.lang.Object zza() -> a
com.google.android.gms.measurement.internal.zzdx -> com.google.android.gms.measurement.internal.b3:
    com.google.android.gms.measurement.internal.zzes zza -> a
    java.lang.Object zza() -> a
com.google.android.gms.measurement.internal.zzdy -> com.google.android.gms.measurement.internal.c3:
    com.google.android.gms.measurement.internal.zzes zza -> a
    java.lang.Object zza() -> a
com.google.android.gms.measurement.internal.zzdz -> com.google.android.gms.measurement.internal.d3:
    com.google.android.gms.measurement.internal.zzes zza -> a
    java.lang.Object zza() -> a
com.google.android.gms.measurement.internal.zze -> com.google.android.gms.measurement.internal.e3:
    boolean zza -> b
    void zzy() -> A
    boolean zzz() -> B
    void zzaa() -> w
    boolean zzv() -> x
    void zzw() -> y
    void zzx() -> z
com.google.android.gms.measurement.internal.zzea -> com.google.android.gms.measurement.internal.f3:
    com.google.android.gms.measurement.internal.zzes zza -> a
    java.lang.Object zza() -> a
com.google.android.gms.measurement.internal.zzeb -> com.google.android.gms.measurement.internal.g3:
    com.google.android.gms.measurement.internal.zzes zza -> a
    java.lang.Object zza() -> a
com.google.android.gms.measurement.internal.zzec -> com.google.android.gms.measurement.internal.h3:
    com.google.android.gms.measurement.internal.zzes zza -> a
    java.lang.Object zza() -> a
com.google.android.gms.measurement.internal.zzed -> com.google.android.gms.measurement.internal.i3:
    com.google.android.gms.measurement.internal.zzes zza -> a
    java.lang.Object zza() -> a
com.google.android.gms.measurement.internal.zzee -> com.google.android.gms.measurement.internal.j3:
    com.google.android.gms.measurement.internal.zzes zza -> a
    java.lang.Object zza() -> a
com.google.android.gms.measurement.internal.zzef -> com.google.android.gms.measurement.internal.k3:
    com.google.android.gms.measurement.internal.zzes zza -> a
    java.lang.Object zza() -> a
com.google.android.gms.measurement.internal.zzeg -> com.google.android.gms.measurement.internal.l3:
    com.google.android.gms.measurement.internal.zzes zza -> a
    java.lang.Object zza() -> a
com.google.android.gms.measurement.internal.zzeh -> com.google.android.gms.measurement.internal.m3:
    com.google.android.gms.measurement.internal.zzes zza -> a
    java.lang.Object zza() -> a
com.google.android.gms.measurement.internal.zzei -> com.google.android.gms.measurement.internal.n3:
    com.google.android.gms.measurement.internal.zzes zza -> a
    java.lang.Object zza() -> a
com.google.android.gms.measurement.internal.zzej -> com.google.android.gms.measurement.internal.o3:
    com.google.android.gms.measurement.internal.zzes zza -> a
    java.lang.Object zza() -> a
com.google.android.gms.measurement.internal.zzek -> com.google.android.gms.measurement.internal.p3:
    com.google.android.gms.measurement.internal.zzes zza -> a
    java.lang.Object zza() -> a