build/app/outputs/mapping/release/usage.txt
com.assafbz.familyEconomics.R$layout
com.assafbz.familyEconomics.R$attr
com.assafbz.familyEconomics.R
com.assafbz.familyEconomics.R$bool
com.assafbz.familyEconomics.R$integer
com.assafbz.familyEconomics.R$style
com.assafbz.familyEconomics.R$styleable
com.assafbz.familyEconomics.R$drawable
com.assafbz.familyEconomics.R$anim
com.assafbz.familyEconomics.R$mipmap
com.assafbz.familyEconomics.R$string
com.assafbz.familyEconomics.R$dimen
com.assafbz.familyEconomics.R$color
com.assafbz.familyEconomics.BuildConfig
com.assafbz.familyEconomics.R$id
...
com.google.common.collect.Synchronized$SynchronizedMultiset
com.google.firebase.auth.internal.zzah:
    private boolean zza
com.google.android.gms.internal.common.zze:
    private static final com.google.android.gms.internal.common.zzf zzjj
io.grpc.android.AndroidChannelBuilder:
    private static final java.lang.Class OKHTTP_CHANNEL_BUILDER_CLASS
androidx.appcompat.widget.DrawableUtils:
    public static final android.graphics.Rect INSETS_NONE
    private static java.lang.Class sInsetsClazz
com.google.android.gms.measurement.internal.zzkh:
    public com.google.android.gms.measurement.internal.zzn e_()
com.google.firestore.v1.StructuredQuery$CompositeFilter$Operator$1
com.facebook.devicerequests.internal.DeviceRequestsHelper:
    public void <init>()
com.google.android.gms.internal.measurement.zzjt:
    private static final com.google.android.gms.internal.measurement.zzcn zzb
com.google.android.gms.common.internal.zzh:
    private final boolean zzeu
com.google.common.base.Charsets:
    public static final java.nio.charset.Charset ISO_8859_1
    public static final java.nio.charset.Charset UTF_16BE
    public static final java.nio.charset.Charset UTF_16LE
    public static final java.nio.charset.Charset UTF_16
com.google.protobuf.AbstractParser:
    private static final com.google.protobuf.ExtensionRegistryLite EMPTY_REGISTRY
com.google.firebase.firestore.util.AsyncQueue$DelayedTask:
    private final com.google.firebase.firestore.util.AsyncQueue$TimerId timerId
    private final long targetTimeMs
io.grpc.internal.RetriableStream$1HalfCloseEntry:
    final synthetic io.grpc.internal.RetriableStream this$0
com.google.android.gms.measurement.internal.zzis:
    public final synthetic bridge void zza()
    public final synthetic bridge void zzc()
    public final synthetic bridge com.google.android.gms.measurement.internal.zzb zze()
    public final synthetic bridge com.google.android.gms.measurement.internal.zzis zzh()
    public final synthetic bridge com.google.android.gms.measurement.internal.zzin zzi()
    public final synthetic bridge com.google.android.gms.measurement.internal.zzjt zzk()
com.google.gson.internal.ConstructorConstructor$14:
    final synthetic com.google.gson.internal.ConstructorConstructor this$0
com.facebook.appevents.SessionEventsState:
    private final int MAX_ACCUMULATED_LOG_EVENTS
io.flutter.plugins.firebase.cloudfirestore.CloudFirestorePlugin$12:
    final synthetic io.flutter.plugins.firebase.cloudfirestore.CloudFirestorePlugin this$0
com.google.gson.internal.bind.TreeTypeAdapter$GsonContextImpl:
    final synthetic com.google.gson.internal.bind.TreeTypeAdapter this$0
io.grpc.internal.AbstractClientStream:
    private volatile boolean cancelled
com.google.android.gms.internal.firebase_auth.zzgm:
    private static final com.google.android.gms.internal.firebase_auth.zzik zzj
com.google.firestore.v1.TargetChange$TargetChangeType:
    private static final com.google.protobuf.Internal$EnumLiteMap internalValueMap
io.grpc.PersistentHashArrayMappedTrie:
    private final io.grpc.PersistentHashArrayMappedTrie$Node root
com.google.android.gms.measurement.internal.zzfz:
    public final synthetic bridge com.google.android.gms.measurement.internal.zzn e_()
    public final synthetic bridge com.google.android.gms.measurement.internal.zzfz zzj()
    public final synthetic bridge void zza()
    public final synthetic bridge void zzb()
    public final synthetic bridge void zzc()
kotlin.jvm.internal.DefaultConstructorMarker
com.facebook.internal.FetchedAppSettingsManager:
    private static boolean isUnityInit
com.google.firebase.analytics.connector.AnalyticsConnectorImpl:
    final java.util.Map zza